
webmanager2020-04-01 10:35:08 :- u3a_upload_document
webmanager2020-04-01 10:35:08 :- {"members_id":"233","groups_id":"131","document_type":"0","file":"\/var\/www\/html\/shrewsburyu3a\/wp-content\/uploads\/2020\/04\/across_the_road__john_riley_.pdf","title":"across the road john riley ","author":null,"attachment_id":872,"id":71}
webmanager2020-04-01 10:35:08 :- {"document_categories_id":"36","documents_id":71,"id":69}
webmanager2020-04-01 10:36:10 :- u3a_upload_document
webmanager2020-04-01 10:36:10 :- {"members_id":"233","groups_id":"141","document_type":"0","file":"\/var\/www\/html\/shrewsburyu3a\/wp-content\/uploads\/2020\/04\/fallout__rosemary_salter_.pdf","title":"fallout rosemary salter ","author":null,"attachment_id":873,"id":72}
webmanager2020-04-01 10:36:10 :- {"document_categories_id":"0","documents_id":72,"id":70}
webmanager2020-04-01 10:47:57 :- u3a_upload_document
webmanager2020-04-01 10:47:57 :- {"members_id":"233","groups_id":"141","document_type":"0","file":"\/var\/www\/html\/shrewsburyu3a\/wp-content\/uploads\/2020\/04\/fallout__rosemary_salter_.pdf","title":"fallout rosemary salter ","author":null,"attachment_id":874,"id":73}
webmanager2020-04-01 10:47:57 :- {"document_categories_id":"0","documents_id":73,"id":71}
webmanager2020-04-01 10:48:06 :- u3a_upload_document
webmanager2020-04-01 10:48:06 :- {"members_id":"233","groups_id":"141","document_type":"0","file":"\/var\/www\/html\/shrewsburyu3a\/wp-content\/uploads\/2020\/04\/flash_fiction__john_riley_.pdf","title":"flash fiction john riley ","author":null,"attachment_id":875,"id":74}
webmanager2020-04-01 10:48:06 :- {"document_categories_id":"0","documents_id":74,"id":72}
webmanager2020-04-01 10:59:48 :- u3a_upload_document
webmanager2020-04-01 10:59:48 :- {"members_id":"233","groups_id":"141","document_type":"0","file":"\/var\/www\/html\/shrewsburyu3a\/wp-content\/uploads\/2020\/04\/fallout__rosemary_salter_.pdf","title":"fallout rosemary salter ","author":null,"attachment_id":876,"id":75}
webmanager2020-04-01 10:59:48 :- {"document_categories_id":"0","documents_id":75,"id":73}
webmanager2020-04-01 10:59:57 :- u3a_upload_document
webmanager2020-04-01 10:59:57 :- {"members_id":"233","groups_id":"141","document_type":"0","file":"\/var\/www\/html\/shrewsburyu3a\/wp-content\/uploads\/2020\/04\/flash_fiction__john_riley_.pdf","title":"flash fiction john riley ","author":null,"attachment_id":877,"id":76}
webmanager2020-04-01 10:59:57 :- {"document_categories_id":"0","documents_id":76,"id":74}
webmanager2020-04-01 11:01:26 :- u3a_upload_document
webmanager2020-04-01 11:01:26 :- {"members_id":"233","groups_id":"141","document_type":"0","file":"\/var\/www\/html\/shrewsburyu3a\/wp-content\/uploads\/2020\/04\/fallout__rosemary_salter_.pdf","title":"fallout rosemary salter ","author":null,"attachment_id":878,"id":77}
webmanager2020-04-01 11:01:26 :- {"document_categories_id":"0","documents_id":77,"id":75}
webmanager2020-04-01 11:01:34 :- u3a_upload_document
webmanager2020-04-01 11:01:34 :- {"members_id":"233","groups_id":"141","document_type":"0","file":"\/var\/www\/html\/shrewsburyu3a\/wp-content\/uploads\/2020\/04\/flash_fiction__john_riley_.pdf","title":"flash fiction john riley ","author":null,"attachment_id":879,"id":78}
webmanager2020-04-01 11:01:34 :- {"document_categories_id":"0","documents_id":78,"id":76}
webmanager2020-04-01 11:15:41 :- u3a_upload_document
webmanager2020-04-01 11:15:41 :- {"members_id":"233","groups_id":"131","document_type":"0","file":"\/var\/www\/html\/shrewsburyu3a\/wp-content\/uploads\/2020\/04\/Presentation-Plaques.pdf","title":"Wall Plaques","author":null,"attachment_id":880,"id":79}
webmanager2020-04-01 11:15:41 :- {"document_categories_id":"0","documents_id":79,"id":77}
webmanager2020-04-01 11:17:01 :- u3a_upload_document
webmanager2020-04-01 11:17:01 :- {"members_id":"233","groups_id":"141","document_type":"0","file":"\/var\/www\/html\/shrewsburyu3a\/wp-content\/uploads\/2020\/04\/fallout__rosemary_salter_.pdf","title":"fallout rosemary salter ","author":null,"attachment_id":881,"id":80}
webmanager2020-04-01 11:17:01 :- {"document_categories_id":"0","documents_id":80,"id":78}
webmanager2020-04-01 11:17:08 :- u3a_upload_document
webmanager2020-04-01 11:17:08 :- {"members_id":"233","groups_id":"141","document_type":"0","file":"\/var\/www\/html\/shrewsburyu3a\/wp-content\/uploads\/2020\/04\/across_the_road__john_riley_.pdf","title":"across the road john riley ","author":null,"attachment_id":882,"id":81}
webmanager2020-04-01 11:17:08 :- {"document_categories_id":"0","documents_id":81,"id":79}